#
# A fatal error has been detected by the Java Runtime Environment:
#
#  EXCEPTION_ACCESS_VIOLATION (0xc0000005) at pc=0x0000000056f2a3c5, pid=6712, tid=4728
#
# JRE version: Java(TM) SE Runtime Environment (8.0_25-b18) (build 1.8.0_25-b18)
# Java VM: Java HotSpot(TM) 64-Bit Server VM (25.25-b02 mixed mode windows-amd64 compressed oops)
# Problematic frame:
# V  [jvm.dll+0x11a3c5]
#
# Failed to write core dump. Minidumps are not enabled by default on client versions of Windows
#
# If you would like to submit a bug report, please visit:
#   http://bugreport.sun.com/bugreport/crash.jsp
#

---------------  T H R E A D  ---------------

Current thread (0x0000000020380800):  JavaThread "JDWP Transport Listener: dt_socket" daemon [_thread_in_vm, id=4728, stack(0x00000000211d0000,0x00000000212d0000)]

siginfo: ExceptionCode=0xc0000005, reading address 0xffffffffffffffff

Registers:
RAX=0x00000000212cf601, RBX=0x0000000020380800, RCX=0x656c626100003b65, RDX=0x0000000000000000
RSP=0x00000000212cf680, RBP=0x656c626100003b65, RSI=0x00000000212cf798, RDI=0x0000000002169400
R8 =0x0000000020380800, R9 =0x0000000000000002, R10=0x00000000000000ef, R11=0x00000cca00050008
R12=0x0000000000000000, R13=0x0000000020386f88, R14=0x0000000000000000, R15=0x0000000000000000
RIP=0x0000000056f2a3c5, EFLAGS=0x0000000000010206

Top of Stack: (sp=0x00000000212cf680)
0x00000000212cf680:   0000000020380800 0000000020380800
0x00000000212cf690:   00000000212cf748 00000000571278db
0x00000000212cf6a0:   0000000020380800 000000005714413d
0x00000000212cf6b0:   0000000000000000 00000000683d9149
0x00000000212cf6c0:   00000000204c6510 00000000683e2912
0x00000000212cf6d0:   0000000020380800 0000000000000000
0x00000000212cf6e0:   0000000000000000 0000000000000000
0x00000000212cf6f0:   656c626100003b65 00000000683e1a09
0x00000000212cf700:   00000000212cf798 00000000212cf770
0x00000000212cf710:   0000000000000001 00000000204c6510
0x00000000212cf720:   656c626100003b65 00000000683c53b3
0x00000000212cf730:   00000000212cf860 0000000000000001
0x00000000212cf740:   0000000000000001 00000000204c6510
0x00000000212cf750:   000000000000000a 0000000000000000
0x00000000212cf760:   0000000000000000 0000000000000000
0x00000000212cf770:   0000000000000001 00000000683c5571 

Instructions: (pc=0x0000000056f2a3c5)
0x0000000056f2a3a5:   cc cc cc cc cc cc cc cc cc cc cc 48 83 ec 28 48
0x0000000056f2a3b5:   85 c9 75 07 33 c0 48 83 c4 28 c3 48 89 5c 24 20
0x0000000056f2a3c5:   48 8b 19 48 85 db 74 20 48 83 fb 37 74 1a 48 8b
0x0000000056f2a3d5:   13 48 8b cb ff 52 10 84 c0 74 0d 48 8b c3 48 8b 


Register to memory mapping:

RAX=0x00000000212cf601 is pointing into the stack for thread: 0x0000000020380800
RBX=0x0000000020380800 is a thread
RCX=0x656c626100003b65 is an unknown value
RDX=0x0000000000000000 is an unknown value
RSP=0x00000000212cf680 is pointing into the stack for thread: 0x0000000020380800
RBP=0x656c626100003b65 is an unknown value
RSI=0x00000000212cf798 is pointing into the stack for thread: 0x0000000020380800
RDI=0x0000000002169400 is an unknown value
R8 =0x0000000020380800 is a thread
R9 =0x0000000000000002 is an unknown value
R10=0x00000000000000ef is an unknown value
R11=0x00000cca00050008 is an unknown value
R12=0x0000000000000000 is an unknown value
R13=0x0000000020386f88 is an unknown value
R14=0x0000000000000000 is an unknown value
R15=0x0000000000000000 is an unknown value


Stack: [0x00000000211d0000,0x00000000212d0000],  sp=0x00000000212cf680,  free space=1021k
Native frames: (J=compiled Java code, j=interpreted, Vv=VM code, C=native code)
V  [jvm.dll+0x11a3c5]
V  [jvm.dll+0x33413d]
C  [jdwp.dll+0x21a09]
C  [jdwp.dll+0x53b3]
C  [jdwp.dll+0x5571]
C  [jdwp.dll+0xf09c]
C  [jdwp.dll+0x1f2c9]
C  [jdwp.dll+0x1f49e]
V  [jvm.dll+0x1abba8]
V  [jvm.dll+0x22bde4]
V  [jvm.dll+0x2852fa]
C  [msvcr100.dll+0x21d9f]
C  [msvcr100.dll+0x21e3b]
C  [kernel32.dll+0x159cd]
C  [ntdll.dll+0x2b981]


---------------  P R O C E S S  ---------------

Java Threads: ( => current thread )
  0x0000000021e03000 JavaThread "pool-1-thread-1" [_thread_blocked, id=5316, stack(0x0000000023490000,0x0000000023590000)]
  0x000000002040f000 JavaThread "Service Thread" daemon [_thread_blocked, id=10120, stack(0x00000000217f0000,0x00000000218f0000)]
  0x00000000203a8800 JavaThread "C1 CompilerThread2" daemon [_thread_blocked, id=10052, stack(0x0000000021930000,0x0000000021a30000)]
  0x00000000203a7000 JavaThread "C2 CompilerThread1" daemon [_thread_blocked, id=10124, stack(0x0000000021670000,0x0000000021770000)]
  0x000000002039d000 JavaThread "C2 CompilerThread0" daemon [_thread_blocked, id=10108, stack(0x00000000210d0000,0x00000000211d0000)]
  0x000000002038d800 JavaThread "JDWP Command Reader" daemon [_thread_in_native, id=6112, stack(0x0000000021500000,0x0000000021600000)]
  0x000000002038c000 JavaThread "JDWP Event Helper Thread" daemon [_thread_blocked, id=8504, stack(0x00000000213e0000,0x00000000214e0000)]
=>0x0000000020380800 JavaThread "JDWP Transport Listener: dt_socket" daemon [_thread_in_vm, id=4728, stack(0x00000000211d0000,0x00000000212d0000)]
  0x0000000020377000 JavaThread "Attach Listener" daemon [_thread_blocked, id=5480, stack(0x0000000020740000,0x0000000020840000)]
  0x0000000020376000 JavaThread "Signal Dispatcher" daemon [_thread_blocked, id=2568, stack(0x0000000020880000,0x0000000020980000)]
  0x000000001e953800 JavaThread "Finalizer" daemon [_thread_blocked, id=9008, stack(0x0000000020220000,0x0000000020320000)]
  0x000000001e94a800 JavaThread "Reference Handler" daemon [_thread_blocked, id=8456, stack(0x000000001feb0000,0x000000001ffb0000)]
  0x00000000021c1800 JavaThread "main" [_thread_blocked, id=9128, stack(0x0000000002450000,0x0000000002550000)]

Other Threads:
  0x000000001e945800 VMThread [stack: 0x0000000020070000,0x0000000020170000] [id=9664]
  0x0000000020410000 WatcherThread [stack: 0x0000000021b30000,0x0000000021c30000] [id=9924]

VM state:not at safepoint (normal execution)

VM Mutex/Monitor currently owned by a thread: None

Heap:
 PSYoungGen      total 262656K, used 89936K [0x0000000755580000, 0x0000000766b80000, 0x00000007c0000000)
  eden space 241664K, 28% used [0x0000000755580000,0x000000075994c4f0,0x0000000764180000)
  from space 20992K, 97% used [0x0000000765700000,0x0000000766b07e10,0x0000000766b80000)
  to   space 21504K, 0% used [0x0000000764180000,0x0000000764180000,0x0000000765680000)
 ParOldGen       total 349696K, used 25173K [0x0000000680000000, 0x0000000695580000, 0x0000000755580000)
  object space 349696K, 7% used [0x0000000680000000,0x00000006818955a8,0x0000000695580000)
 Metaspace       used 8614K, capacity 8768K, committed 8960K, reserved 1056768K
  class space    used 878K, capacity 934K, committed 1024K, reserved 1048576K

Card table byte_map: [0x0000000011be0000,0x00000000125f0000] byte_map_base: 0x000000000e7e0000

Marking Bits: (ParMarkBitMap*) 0x00000000575ed490
 Begin Bits: [0x0000000013560000, 0x0000000018560000)
 End Bits:   [0x0000000018560000, 0x000000001d560000)

Polling page: 0x0000000000120000

CodeCache: size=245760Kb used=3875Kb max_used=3887Kb free=241884Kb
 bounds [0x0000000002820000, 0x0000000002c00000, 0x0000000011820000]
 total_blobs=1294 nmethods=966 adapters=251
 compilation: enabled

Compilation events (10 events):
Event: 1372.498 Thread 0x00000000203a7000 nmethod 968 0x0000000002bdb690 code [0x0000000002bdb7e0, 0x0000000002bdba98]
Event: 1372.515 Thread 0x000000002039d000 nmethod 953 0x0000000002be9d50 code [0x0000000002bea0a0, 0x0000000002bedf68]
Event: 1375.229 Thread 0x00000000203a7000  969       4       java.util.AbstractCollection::toString (89 bytes)
Event: 1375.285 Thread 0x00000000203a7000 nmethod 969 0x0000000002be4690 code [0x0000000002be4880, 0x0000000002be5c38]
Event: 1459.087 Thread 0x000000002039d000  970       4       java.lang.Integer::getChars (131 bytes)
Event: 1459.111 Thread 0x000000002039d000 nmethod 970 0x0000000002bdad90 code [0x0000000002bdaee0, 0x0000000002bdb378]
Event: 1471.335 Thread 0x00000000203a7000  971       4       java.util.HashMap$EntryIterator::next (5 bytes)
Event: 1471.339 Thread 0x00000000203a7000 nmethod 971 0x0000000002bda810 code [0x0000000002bda960, 0x0000000002bdabf8]
Event: 1480.413 Thread 0x000000002039d000  972       4       java.lang.Integer::toString (8 bytes)
Event: 1480.424 Thread 0x000000002039d000 nmethod 972 0x0000000002bd9a90 code [0x0000000002bd9c00, 0x0000000002bda348]

GC Heap History (8 events):
Event: 1.150 GC heap before
{Heap before GC invocations=1 (full 0):
 PSYoungGen      total 153088K, used 131584K [0x0000000755580000, 0x0000000760000000, 0x00000007c0000000)
  eden space 131584K, 100% used [0x0000000755580000,0x000000075d600000,0x000000075d600000)
  from space 21504K, 0% used [0x000000075eb00000,0x000000075eb00000,0x0000000760000000)
  to   space 21504K, 0% used [0x000000075d600000,0x000000075d600000,0x000000075eb00000)
 ParOldGen       total 349696K, used 0K [0x0000000680000000, 0x0000000695580000, 0x0000000755580000)
  object space 349696K, 0% used [0x0000000680000000,0x0000000680000000,0x0000000695580000)
 Metaspace       used 8156K, capacity 8256K, committed 8320K, reserved 1056768K
  class space    used 842K, capacity 870K, committed 896K, reserved 1048576K
Event: 1.168 GC heap after
Heap after GC invocations=1 (full 0):
 PSYoungGen      total 153088K, used 18797K [0x0000000755580000, 0x0000000768080000, 0x00000007c0000000)
  eden space 131584K, 0% used [0x0000000755580000,0x0000000755580000,0x000000075d600000)
  from space 21504K, 87% used [0x000000075d600000,0x000000075e85b5d0,0x000000075eb00000)
  to   space 21504K, 0% used [0x0000000766b80000,0x0000000766b80000,0x0000000768080000)
 ParOldGen       total 349696K, used 16K [0x0000000680000000, 0x0000000695580000, 0x0000000755580000)
  object space 349696K, 0% used [0x0000000680000000,0x0000000680004000,0x0000000695580000)
 Metaspace       used 8156K, capacity 8256K, committed 8320K, reserved 1056768K
  class space    used 842K, capacity 870K, committed 896K, reserved 1048576K
}
Event: 1375.239 GC heap before
{Heap before GC invocations=2 (full 0):
 PSYoungGen      total 153088K, used 150381K [0x0000000755580000, 0x0000000768080000, 0x00000007c0000000)
  eden space 131584K, 100% used [0x0000000755580000,0x000000075d600000,0x000000075d600000)
  from space 21504K, 87% used [0x000000075d600000,0x000000075e85b5d0,0x000000075eb00000)
  to   space 21504K, 0% used [0x0000000766b80000,0x0000000766b80000,0x0000000768080000)
 ParOldGen       total 349696K, used 16K [0x0000000680000000, 0x0000000695580000, 0x0000000755580000)
  object space 349696K, 0% used [0x0000000680000000,0x0000000680004000,0x0000000695580000)
 Metaspace       used 8532K, capacity 8704K, committed 8960K, reserved 1056768K
  class space    used 877K, capacity 934K, committed 1024K, reserved 1048576K
Event: 1375.262 GC heap after
Heap after GC invocations=2 (full 0):
 PSYoungGen      total 153088K, used 21484K [0x0000000755580000, 0x0000000768080000, 0x00000007c0000000)
  eden space 131584K, 0% used [0x0000000755580000,0x0000000755580000,0x000000075d600000)
  from space 21504K, 99% used [0x0000000766b80000,0x000000076807b220,0x0000000768080000)
  to   space 21504K, 0% used [0x000000075d600000,0x000000075d600000,0x000000075eb00000)
 ParOldGen       total 349696K, used 6169K [0x0000000680000000, 0x0000000695580000, 0x0000000755580000)
  object space 349696K, 1% used [0x0000000680000000,0x00000006806065a0,0x0000000695580000)
 Metaspace       used 8532K, capacity 8704K, committed 8960K, reserved 1056768K
  class space    used 877K, capacity 934K, committed 1024K, reserved 1048576K
}
Event: 1459.094 GC heap before
{Heap before GC invocations=3 (full 0):
 PSYoungGen      total 153088K, used 153068K [0x0000000755580000, 0x0000000768080000, 0x00000007c0000000)
  eden space 131584K, 100% used [0x0000000755580000,0x000000075d600000,0x000000075d600000)
  from space 21504K, 99% used [0x0000000766b80000,0x000000076807b220,0x0000000768080000)
  to   space 21504K, 0% used [0x000000075d600000,0x000000075d600000,0x000000075eb00000)
 ParOldGen       total 349696K, used 6169K [0x0000000680000000, 0x0000000695580000, 0x0000000755580000)
  object space 349696K, 1% used [0x0000000680000000,0x00000006806065a0,0x0000000695580000)
 Metaspace       used 8532K, capacity 8704K, committed 8960K, reserved 1056768K
  class space    used 877K, capacity 934K, committed 1024K, reserved 1048576K
Event: 1459.110 GC heap after
Heap after GC invocations=3 (full 0):
 PSYoungGen      total 153088K, used 21480K [0x0000000755580000, 0x0000000766c00000, 0x00000007c0000000)
  eden space 131584K, 0% used [0x0000000755580000,0x0000000755580000,0x000000075d600000)
  from space 21504K, 99% used [0x000000075d600000,0x000000075eafa1e8,0x000000075eb00000)
  to   space 21504K, 0% used [0x0000000765700000,0x0000000765700000,0x0000000766c00000)
 ParOldGen       total 349696K, used 14986K [0x0000000680000000, 0x0000000695580000, 0x0000000755580000)
  object space 349696K, 4% used [0x0000000680000000,0x0000000680ea2af8,0x0000000695580000)
 Metaspace       used 8532K, capacity 8704K, committed 8960K, reserved 1056768K
  class space    used 877K, capacity 934K, committed 1024K, reserved 1048576K
}
Event: 1480.381 GC heap before
{Heap before GC invocations=4 (full 0):
 PSYoungGen      total 153088K, used 153064K [0x0000000755580000, 0x0000000766c00000, 0x00000007c0000000)
  eden space 131584K, 100% used [0x0000000755580000,0x000000075d600000,0x000000075d600000)
  from space 21504K, 99% used [0x000000075d600000,0x000000075eafa1e8,0x000000075eb00000)
  to   space 21504K, 0% used [0x0000000765700000,0x0000000765700000,0x0000000766c00000)
 ParOldGen       total 349696K, used 14986K [0x0000000680000000, 0x0000000695580000, 0x0000000755580000)
  object space 349696K, 4% used [0x0000000680000000,0x0000000680ea2af8,0x0000000695580000)
 Metaspace       used 8573K, capacity 8704K, committed 8960K, reserved 1056768K
  class space    used 877K, capacity 934K, committed 1024K, reserved 1048576K
Event: 1480.405 GC heap after
Heap after GC invocations=4 (full 0):
 PSYoungGen      total 262656K, used 20511K [0x0000000755580000, 0x0000000766b80000, 0x00000007c0000000)
  eden space 241664K, 0% used [0x0000000755580000,0x0000000755580000,0x0000000764180000)
  from space 20992K, 97% used [0x0000000765700000,0x0000000766b07e10,0x0000000766b80000)
  to   space 21504K, 0% used [0x0000000764180000,0x0000000764180000,0x0000000765680000)
 ParOldGen       total 349696K, used 25173K [0x0000000680000000, 0x0000000695580000, 0x0000000755580000)
  object space 349696K, 7% used [0x0000000680000000,0x00000006818955a8,0x0000000695580000)
 Metaspace       used 8573K, capacity 8704K, committed 8960K, reserved 1056768K
  class space    used 877K, capacity 934K, committed 1024K, reserved 1048576K
}

Deoptimization events (2 events):
Event: 0.838 Thread 0x00000000021c1800 Uncommon trap: reason=unloaded action=reinterpret pc=0x0000000002afe820 method=com.fasterxml.jackson.core.util.TextBuffer.contentsAsString()Ljava/lang/String; @ 124
Event: 0.930 Thread 0x00000000021c1800 Uncommon trap: reason=unloaded action=reinterpret pc=0x0000000002b1131c method=com.fasterxml.jackson.core.util.TextBuffer.contentsAsString()Ljava/lang/String; @ 124

Internal exceptions (10 events):
Event: 0.693 Thread 0x00000000021c1800 Exception <a 'java/security/PrivilegedActionException'> (0x0000000756baa878) thrown at [D:\re\workspace\8-2-build-windows-amd64-cygwin\jdk8u25\1677\hotspot\src\share\vm\prims\jvm.cpp, line 1312]
Event: 0.693 Thread 0x00000000021c1800 Exception <a 'java/security/PrivilegedActionException'> (0x0000000756bb2270) thrown at [D:\re\workspace\8-2-build-windows-amd64-cygwin\jdk8u25\1677\hotspot\src\share\vm\prims\jvm.cpp, line 1312]
Event: 0.694 Thread 0x00000000021c1800 Exception <a 'java/security/PrivilegedActionException'> (0x0000000756bba220) thrown at [D:\re\workspace\8-2-build-windows-amd64-cygwin\jdk8u25\1677\hotspot\src\share\vm\prims\jvm.cpp, line 1312]
Event: 0.695 Thread 0x00000000021c1800 Exception <a 'java/security/PrivilegedActionException'> (0x0000000756bbfa78) thrown at [D:\re\workspace\8-2-build-windows-amd64-cygwin\jdk8u25\1677\hotspot\src\share\vm\prims\jvm.cpp, line 1312]
Event: 0.699 Thread 0x00000000021c1800 Exception <a 'java/security/PrivilegedActionException'> (0x0000000756bd47e0) thrown at [D:\re\workspace\8-2-build-windows-amd64-cygwin\jdk8u25\1677\hotspot\src\share\vm\prims\jvm.cpp, line 1312]
Event: 1.223 Thread 0x00000000021c1800 Exception <a 'java/security/PrivilegedActionException'> (0x0000000756e9cf98) thrown at [D:\re\workspace\8-2-build-windows-amd64-cygwin\jdk8u25\1677\hotspot\src\share\vm\prims\jvm.cpp, line 1312]
Event: 1.232 Thread 0x00000000021c1800 Exception <a 'java/security/PrivilegedActionException'> (0x0000000756ea5090) thrown at [D:\re\workspace\8-2-build-windows-amd64-cygwin\jdk8u25\1677\hotspot\src\share\vm\prims\jvm.cpp, line 1312]
Event: 1.235 Thread 0x0000000021e03000 Exception <a 'java/security/PrivilegedActionException'> (0x0000000756fef758) thrown at [D:\re\workspace\8-2-build-windows-amd64-cygwin\jdk8u25\1677\hotspot\src\share\vm\prims\jvm.cpp, line 1312]
Event: 1.236 Thread 0x0000000021e03000 Exception <a 'java/security/PrivilegedActionException'> (0x0000000756ff64d0) thrown at [D:\re\workspace\8-2-build-windows-amd64-cygwin\jdk8u25\1677\hotspot\src\share\vm\prims\jvm.cpp, line 1312]
Event: 1.250 Thread 0x0000000021e03000 Exception <a 'java/security/PrivilegedActionException'> (0x00000007570506e0) thrown at [D:\re\workspace\8-2-build-windows-amd64-cygwin\jdk8u25\1677\hotspot\src\share\vm\prims\jvm.cpp, line 1312]

Events (10 events):
Event: 1460.116 Executing VM operation: RedefineClasses
Event: 1460.124 Executing VM operation: RedefineClasses done
Event: 1471.454 Executing VM operation: GetOrSetLocal
Event: 1471.454 Executing VM operation: GetOrSetLocal done
Event: 1480.381 Executing VM operation: ParallelGCFailedAllocation
Event: 1480.405 Executing VM operation: ParallelGCFailedAllocation done
Event: 1480.562 Executing VM operation: GetOrSetLocal
Event: 1480.563 Executing VM operation: GetOrSetLocal done
Event: 1506.193 Executing VM operation: RedefineClasses
Event: 1506.201 Executing VM operation: RedefineClasses done


Dynamic libraries:
0x000000013f970000 - 0x000000013f9a4000 	C:\Program Files\Java\jdk1.8.0_25\bin\javaw.exe
0x00000000775c0000 - 0x0000000077769000 	C:\Windows\SYSTEM32\ntdll.dll
0x00000000774a0000 - 0x00000000775bf000 	C:\Windows\system32\kernel32.dll
0x000007fefd3a0000 - 0x000007fefd40c000 	C:\Windows\system32\KERNELBASE.dll
0x000007fefd740000 - 0x000007fefd81b000 	C:\Windows\system32\ADVAPI32.dll
0x000007fefe2d0000 - 0x000007fefe36f000 	C:\Windows\system32\msvcrt.dll
0x000007feff280000 - 0x000007feff29f000 	C:\Windows\SYSTEM32\sechost.dll
0x000007fefd9b0000 - 0x000007fefdadd000 	C:\Windows\system32\RPCRT4.dll
0x00000000773a0000 - 0x000000007749a000 	C:\Windows\system32\USER32.dll
0x000007fefe480000 - 0x000007fefe4e7000 	C:\Windows\system32\GDI32.dll
0x000007fefd730000 - 0x000007fefd73e000 	C:\Windows\system32\LPK.dll
0x000007feff480000 - 0x000007feff549000 	C:\Windows\system32\USP10.dll
0x000007fefb610000 - 0x000007fefb804000 	C:\Windows\WinSxS\amd64_microsoft.windows.common-controls_6595b64144ccf1df_6.0.7601.18837_none_fa3b1e3d17594757\COMCTL32.dll
0x000007feff850000 - 0x000007feff8c1000 	C:\Windows\system32\SHLWAPI.dll
0x000007fefe250000 - 0x000007fefe27e000 	C:\Windows\system32\IMM32.DLL
0x000007fefd8a0000 - 0x000007fefd9a9000 	C:\Windows\system32\MSCTF.dll
0x0000000059760000 - 0x0000000059832000 	C:\Program Files\Java\jdk1.8.0_25\jre\bin\msvcr100.dll
0x0000000056e10000 - 0x000000005766a000 	C:\Program Files\Java\jdk1.8.0_25\jre\bin\server\jvm.dll
0x000007fef9240000 - 0x000007fef9249000 	C:\Windows\system32\WSOCK32.dll
0x000007fefe280000 - 0x000007fefe2cd000 	C:\Windows\system32\WS2_32.dll
0x000007fefe470000 - 0x000007fefe478000 	C:\Windows\system32\NSI.dll
0x000007fefa850000 - 0x000007fefa88b000 	C:\Windows\system32\WINMM.dll
0x0000000077780000 - 0x0000000077787000 	C:\Windows\system32\PSAPI.DLL
0x0000000068400000 - 0x000000006840f000 	C:\Program Files\Java\jdk1.8.0_25\jre\bin\verify.dll
0x000000005d720000 - 0x000000005d748000 	C:\Program Files\Java\jdk1.8.0_25\jre\bin\java.dll
0x00000000683c0000 - 0x00000000683f5000 	C:\Program Files\Java\jdk1.8.0_25\jre\bin\jdwp.dll
0x0000000073de0000 - 0x0000000073de8000 	C:\Program Files\Java\jdk1.8.0_25\jre\bin\npt.dll
0x000000005d700000 - 0x000000005d716000 	C:\Program Files\Java\jdk1.8.0_25\jre\bin\zip.dll
0x000007fefe4f0000 - 0x000007feff279000 	C:\Windows\system32\SHELL32.dll
0x000007fefdf60000 - 0x000007fefe163000 	C:\Windows\system32\ole32.dll
0x000007fefd370000 - 0x000007fefd37f000 	C:\Windows\system32\profapi.dll
0x0000000074ee0000 - 0x0000000074ee9000 	C:\Program Files\Java\jdk1.8.0_25\jre\bin\dt_socket.dll
0x000007fefa690000 - 0x000007fefa6a5000 	C:\Windows\system32\NLAapi.dll
0x000007fef3730000 - 0x000007fef3745000 	C:\Windows\system32\napinsp.dll
0x000007fef3710000 - 0x000007fef3729000 	C:\Windows\system32\pnrpnsp.dll
0x000007fefcb50000 - 0x000007fefcba5000 	C:\Windows\System32\mswsock.dll
0x000007fefc990000 - 0x000007fefc9eb000 	C:\Windows\system32\DNSAPI.dll
0x000007fef5550000 - 0x000007fef555b000 	C:\Windows\System32\winrnr.dll
0x000007fef87d0000 - 0x000007fef87fe000 	C:\Program Files\Common Files\Microsoft Shared\Windows Live\WLIDNSP.DLL
0x000007fefbf70000 - 0x000007fefbf97000 	C:\Windows\system32\IPHLPAPI.DLL
0x000007fefbf60000 - 0x000007fefbf6b000 	C:\Windows\system32\WINNSI.DLL
0x000007fefa2e0000 - 0x000007fefa333000 	C:\Windows\System32\fwpuclnt.dll
0x000007fef87c0000 - 0x000007fef87c8000 	C:\Windows\system32\rasadhlp.dll
0x000007fefc4e0000 - 0x000007fefc4e7000 	C:\Windows\System32\wshtcpip.dll
0x0000000074fd0000 - 0x0000000074fea000 	C:\Program Files\Java\jdk1.8.0_25\jre\bin\net.dll
0x000007fefcb40000 - 0x000007fefcb47000 	C:\Windows\System32\wship6.dll
0x0000000074fb0000 - 0x0000000074fc1000 	C:\Program Files\Java\jdk1.8.0_25\jre\bin\nio.dll
0x000007fef31c0000 - 0x000007fef32e5000 	C:\Windows\system32\dbghelp.dll

VM Arguments:
jvm_args: -agentlib:jdwp=transport=dt_socket,suspend=y,address=localhost:50424 -Xms512m -Xmx5g -Dfile.encoding=Cp1252 
java_command: edu.ucr.cs.dblab.nle020.reviewsdiversity.TopPairsProgram
java_class_path (initial): D:\UCR Google Drive\workspace\ReviewsDiversity\bin;D:\UCR Google Drive\Libs\commons-csv-1.1\commons-csv-1.1.jar;D:\UCR Google Drive\Libs\poi-3.12\poi-3.12-20150511.jar;D:\UCR Google Drive\Libs\poi-3.12\poi-ooxml-3.12-20150511.jar;D:\UCR Google Drive\Libs\poi-3.12\ooxml-lib\xmlbeans-2.6.0.jar;D:\UCR Google Drive\Libs\poi-3.12\poi-ooxml-schemas-3.12-20150511.jar;D:\public_mm\src\javaapi\dist\MetaMapApi.jar;D:\public_mm\src\javaapi\dist\prologbeans.jar;D:\UCR Google Drive\Libs\stanford-postagger-2015-04-20\stanford-postagger-3.5.2.jar;D:\UCR Google Drive\Libs\Jackson JSON\jackson-annotations-2.5.3.jar;D:\UCR Google Drive\Libs\Jackson JSON\jackson-core-2.5.3.jar;D:\UCR Google Drive\Libs\Jackson JSON\jackson-databind-2.5.3.jar;D:\UCR Google Drive\Libs\gurobi.jar;D:\UCR Google Drive\Libs\MySQL Connector J\mysql-connector-java-5.1.35-bin.jar
Launcher Type: SUN_STANDARD

Environment Variables:
PATH=C:\Program Files\Java\jdk1.8.0_25\jre\bin;C:/Program Files/Java/jdk1.8.0_25/bin/../jre/bin/server;C:/Program Files/Java/jdk1.8.0_25/bin/../jre/bin;C:/Program Files/Java/jdk1.8.0_25/bin/../jre/lib/amd64;C:\Program Files (x86)\gurobi604\win64\bin;C:\Program Files\Java\jdk1.8.0_25\bin;C:\Program Files\Common Files\Microsoft Shared\Windows Live;C:\Program Files (x86)\Common Files\Microsoft Shared\Windows Live;C:\Windows\system32;C:\Windows;C:\Windows\System32\Wbem;C:\Windows\System32\WindowsPowerShell\v1.0\;C:\Program Files (x86)\AMD\Fusion Media Explorer\;C:\Program Files (x86)\ATI Technologies\ATI.ACE\Core-Static;C:\Program Files (x86)\Windows Live\Shared;C:\Program Files (x86)\Common Files\Roxio Shared\OEM\DLLShared\;C:\Program Files (x86)\Common Files\Roxio Shared\OEM\DLLShared\;C:\Program Files (x86)\Common Files\Roxio Shared\OEM\12.0\DLLShared\;C:\Program Files (x86)\Roxio\OEM\AudioCore\;C:\Program Files (x86)\MiKTeX 2.9\miktex\bin\;C:\Program Files (x86)\MySQL\MySQL Utilities 1.4\;C:\Program Files (x86)\MySQL\MySQL Utilities 1.4\Doctrine extensions for PHP\;C:\Program Files\MATLAB\R2014b\bin;C:\Program Files (x86)\Skype\Phone\;E:\Tomcat\bin;D:\eclipse;
USERNAME=Nhat XT Le
OS=Windows_NT
PROCESSOR_IDENTIFIER=AMD64 Family 16 Model 10 Stepping 0, AuthenticAMD



---------------  S Y S T E M  ---------------

OS: Windows 7 , 64 bit Build 7601 Service Pack 1

CPU:total 6 (6 cores per cpu, 1 threads per core) family 16 model 10 stepping 0, cmov, cx8, fxsr, mmx, sse, sse2, sse3, popcnt, mmxext, 3dnowpref, lzcnt, sse4a, tsc, tscinvbit, tscinv

Memory: 4k page, physical 8387888k(2963564k free), swap 16773940k(8942552k free)

vm_info: Java HotSpot(TM) 64-Bit Server VM (25.25-b02) for windows-amd64 JRE (1.8.0_25-b18), built on Oct  7 2014 14:25:37 by "java_re" with MS VC++ 10.0 (VS2010)

time: Tue Jul 07 11:28:02 2015
elapsed time: 1506 seconds (0d 0h 25m 6s)

